[debug] [2022-10-31T07:03:38.045Z] ----------------------------------------------------------------------
[debug] [2022-10-31T07:03:38.049Z] Command:       C:\node.exe C:\Users\MH\AppData\Roaming\npm\node_modules\firebase-tools\lib\bin\firebase.js init
[debug] [2022-10-31T07:03:38.050Z] CLI Version:   11.15.0
[debug] [2022-10-31T07:03:38.050Z] Platform:      win32
[debug] [2022-10-31T07:03:38.051Z] Node Version:  v18.12.0
[debug] [2022-10-31T07:03:38.154Z] Time:          Mon Oct 31 2022 00:03:38 GMT-0700 (Pacific Daylight Time)
[debug] [2022-10-31T07:03:38.156Z] ----------------------------------------------------------------------
[debug] 
[debug] [2022-10-31T07:03:38.235Z] > command requires scopes: ["email","openid","https://www.googleapis.com/auth/cloudplatformprojects.readonly","https://www.googleapis.com/auth/firebase","https://www.googleapis.com/auth/cloud-platform"]
[debug] [2022-10-31T07:03:38.237Z] > authorizing via signed-in user (bhaia9036@gmail.com)
[info] 
     ######## #### ########  ######## ########     ###     ######  ########
     ##        ##  ##     ## ##       ##     ##  ##   ##  ##       ##
     ######    ##  ########  ######   ########  #########  ######  ######
     ##        ##  ##    ##  ##       ##     ## ##     ##       ## ##
     ##       #### ##     ## ######## ########  ##     ##  ######  ########

You're about to initialize a Firebase project in this directory:

  C:\Users\MH\my-ahmed

[info] 
=== Project Setup
[info] 
[info] First, let's associate this project directory with a Firebase project.
[info] You can create multiple project aliases by running firebase use --add, 
[info] but for now we'll just set up a default project.
[info] 
[debug] [2022-10-31T07:05:07.061Z] > refreshing access token with scopes: []
[debug] [2022-10-31T07:05:07.065Z] >>> [apiv2][query] POST https://www.googleapis.com/oauth2/v3/token [none]
[debug] [2022-10-31T07:05:07.066Z] >>> [apiv2][body] POST https://www.googleapis.com/oauth2/v3/token [omitted]
[debug] [2022-10-31T07:05:08.863Z] <<< [apiv2][status] POST https://www.googleapis.com/oauth2/v3/token 200
[debug] [2022-10-31T07:05:08.863Z] <<< [apiv2][body] POST https://www.googleapis.com/oauth2/v3/token [omitted]
[debug] [2022-10-31T07:05:09.033Z] >>> [apiv2][query] GET https://firebase.googleapis.com/v1beta1/projects pageSize=100
[debug] [2022-10-31T07:05:09.812Z] <<< [apiv2][status] GET https://firebase.googleapis.com/v1beta1/projects 200
[debug] [2022-10-31T07:05:09.812Z] <<< [apiv2][body] GET https://firebase.googleapis.com/v1beta1/projects [omitted]
